<?xml version="1.0" encoding="UTF-8"?>
<testng-results skipped="1" failed="0" total="1" passed="0">
  <reporter-output>
  </reporter-output>
  <suite name="org.ravi.helloworld.HelloTest" duration-ms="47705" started-at="2018-02-28T06:21:19Z" finished-at="2018-02-28T06:22:07Z">
    <groups>
    </groups>
    <test name="Command line test" duration-ms="47705" started-at="2018-02-28T06:21:19Z" finished-at="2018-02-28T06:22:07Z">
      <class name="org.ravi.helloworld.HelloTest">
        <test-method status="FAIL" signature="beforeTest()[pri:0, instance:org.ravi.helloworld.HelloTest@617c74e5]" name="beforeTest" is-config="true" duration-ms="0" started-at="2018-02-28T07:21:19Z" finished-at="2018-02-28T07:21:19Z">
          <exception class="org.openqa.selenium.WebDriverException">
            <message>
              <![CDATA[Failed to connect to binary FirefoxBinary(C:\Program Files (x86)\Mozilla Firefox\firefox.exe) on port 7055; process output follows: 
DEBUG	Writing add-ons list
1519798881829	addons.xpi	DEBUG	Registering manifest for C:\Program Files (x86)\Mozilla Firefox\browser\features\aushelper@mozilla.org.xpi
1519798881829	addons.xpi	DEBUG	Calling bootstrap method startup on aushelper@mozilla.org version 2.0
1519798881832	addons.xpi	DEBUG	Registering manifest for C:\Program Files (x86)\Mozilla Firefox\browser\features\e10srollout@mozilla.org.xpi
1519798881833	addons.xpi	DEBUG	Calling bootstrap method startup on e10srollout@mozilla.org version 1.10
1519798881835	addons.xpi	DEBUG	Registering manifest for C:\Program Files (x86)\Mozilla Firefox\browser\features\firefox@getpocket.com.xpi
1519798881836	addons.xpi	DEBUG	Calling bootstrap method startup on firefox@getpocket.com version 1.0.5
1519798881838	addons.xpi	DEBUG	Registering manifest for C:\Program Files (x86)\Mozilla Firefox\browser\features\webcompat@mozilla.org.xpi
1519798881839	addons.xpi	DEBUG	Calling bootstrap method startup on webcompat@mozilla.org version 1.0
1519798881842	addons.manager	DEBUG	Registering shutdown blocker for XPIProvider
1519798881843	addons.manager	DEBUG	Provider finished startup: XPIProvider
1519798881843	addons.manager	DEBUG	Starting provider: LightweightThemeManager
1519798881843	addons.manager	DEBUG	Registering shutdown blocker for LightweightThemeManager
1519798881843	addons.manager	DEBUG	Provider finished startup: LightweightThemeManager
1519798881844	addons.manager	DEBUG	Starting provider: GMPProvider
1519798881869	addons.manager	DEBUG	Registering shutdown blocker for GMPProvider
1519798881870	addons.manager	DEBUG	Provider finished startup: GMPProvider
1519798881870	addons.manager	DEBUG	Starting provider: PluginProvider
1519798881871	addons.manager	DEBUG	Registering shutdown blocker for PluginProvider
1519798881872	addons.manager	DEBUG	Provider finished startup: PluginProvider
1519798881872	addons.manager	DEBUG	Completed startup sequence
1519798882189	addons.manager	DEBUG	Starting provider: <unnamed-provider>
1519798882190	addons.manager	DEBUG	Registering shutdown blocker for <unnamed-provider>
1519798882190	addons.manager	DEBUG	Provider finished startup: <unnamed-provider>
1519798882372	DeferredSave.extensions.json	DEBUG	Write succeeded
1519798882372	addons.xpi-utils	DEBUG	XPI Database saved, setting schema version preference to 19
1519798882373	DeferredSave.extensions.json	DEBUG	Starting timer
1519798882389	addons.repository	DEBUG	No addons.json found.
1519798882389	DeferredSave.addons.json	DEBUG	Save changes
1519798882392	DeferredSave.addons.json	DEBUG	Starting timer
1519798882425	addons.manager	DEBUG	Starting provider: PreviousExperimentProvider
1519798882425	addons.manager	DEBUG	Registering shutdown blocker for PreviousExperimentProvider
1519798882425	addons.manager	DEBUG	Provider finished startup: PreviousExperimentProvider
1519798882428	DeferredSave.extensions.json	DEBUG	Starting write
1519798882454	DeferredSave.addons.json	DEBUG	Starting write
1519798882459	DeferredSave.extensions.json	DEBUG	Write succeeded
1519798882474	DeferredSave.addons.json	DEBUG	Write succeeded

###!!! [Parent][MessageChannel] Error: (msgtype=0x2C0001,name=PBrowser::Msg_AsyncMessage) Channel error: cannot send/recv

JavaScript error: chrome://global/content/bindings/remote-browser.xml, line 44: NS_ERROR_UNEXPECTED: Component returned failure code: 0x8000ffff (NS_ERROR_UNEXPECTED) [nsIMessageSender.sendAsyncMessage]

###!!! [Parent][MessageChannel] Error: (msgtype=0x2C0092,name=PBrowser::Msg_UpdateNativeWindowHandle) Channel error: cannot send/recv


###!!! [Parent][MessageChannel] Error: (msgtype=0x2C0085,name=PBrowser::Msg_Destroy) Channel error: cannot send/recv

JavaScript error: resource://app/modules/ContentCrashHandlers.jsm, line 137: TypeError: browser.permanentKey is not a non-null object

###!!! [Parent][MessageChannel] Error: (msgtype=0x2C0092,name=PBrowser::Msg_UpdateNativeWindowHandle) Channel error: cannot send/recv


###!!! [Parent][MessageChannel] Error: (msgtype=0x2C0085,name=PBrowser::Msg_Destroy) Channel error: cannot send/recv


Build info: version: '2.53.1', revision: 'a36b8b1cd5757287168e54b817830adce9b0158d', time: '2016-06-30 19:26:09'
System info: host: 'philipsdev', ip: '10.250.88.80', os.name: 'Windows Server 2008 R2', os.arch: 'amd64', os.version: '6.1', java.version: '1.8.0_162'
Driver info: driver.version: FirefoxDriver]]>
            </message>
            <full-stacktrace>
              <![CDATA[org.openqa.selenium.WebDriverException: Failed to connect to binary FirefoxBinary(C:\Program Files (x86)\Mozilla Firefox\firefox.exe) on port 7055; process output follows: 
DEBUG	Writing add-ons list
1519798881829	addons.xpi	DEBUG	Registering manifest for C:\Program Files (x86)\Mozilla Firefox\browser\features\aushelper@mozilla.org.xpi
1519798881829	addons.xpi	DEBUG	Calling bootstrap method startup on aushelper@mozilla.org version 2.0
1519798881832	addons.xpi	DEBUG	Registering manifest for C:\Program Files (x86)\Mozilla Firefox\browser\features\e10srollout@mozilla.org.xpi
1519798881833	addons.xpi	DEBUG	Calling bootstrap method startup on e10srollout@mozilla.org version 1.10
1519798881835	addons.xpi	DEBUG	Registering manifest for C:\Program Files (x86)\Mozilla Firefox\browser\features\firefox@getpocket.com.xpi
1519798881836	addons.xpi	DEBUG	Calling bootstrap method startup on firefox@getpocket.com version 1.0.5
1519798881838	addons.xpi	DEBUG	Registering manifest for C:\Program Files (x86)\Mozilla Firefox\browser\features\webcompat@mozilla.org.xpi
1519798881839	addons.xpi	DEBUG	Calling bootstrap method startup on webcompat@mozilla.org version 1.0
1519798881842	addons.manager	DEBUG	Registering shutdown blocker for XPIProvider
1519798881843	addons.manager	DEBUG	Provider finished startup: XPIProvider
1519798881843	addons.manager	DEBUG	Starting provider: LightweightThemeManager
1519798881843	addons.manager	DEBUG	Registering shutdown blocker for LightweightThemeManager
1519798881843	addons.manager	DEBUG	Provider finished startup: LightweightThemeManager
1519798881844	addons.manager	DEBUG	Starting provider: GMPProvider
1519798881869	addons.manager	DEBUG	Registering shutdown blocker for GMPProvider
1519798881870	addons.manager	DEBUG	Provider finished startup: GMPProvider
1519798881870	addons.manager	DEBUG	Starting provider: PluginProvider
1519798881871	addons.manager	DEBUG	Registering shutdown blocker for PluginProvider
1519798881872	addons.manager	DEBUG	Provider finished startup: PluginProvider
1519798881872	addons.manager	DEBUG	Completed startup sequence
1519798882189	addons.manager	DEBUG	Starting provider: <unnamed-provider>
1519798882190	addons.manager	DEBUG	Registering shutdown blocker for <unnamed-provider>
1519798882190	addons.manager	DEBUG	Provider finished startup: <unnamed-provider>
1519798882372	DeferredSave.extensions.json	DEBUG	Write succeeded
1519798882372	addons.xpi-utils	DEBUG	XPI Database saved, setting schema version preference to 19
1519798882373	DeferredSave.extensions.json	DEBUG	Starting timer
1519798882389	addons.repository	DEBUG	No addons.json found.
1519798882389	DeferredSave.addons.json	DEBUG	Save changes
1519798882392	DeferredSave.addons.json	DEBUG	Starting timer
1519798882425	addons.manager	DEBUG	Starting provider: PreviousExperimentProvider
1519798882425	addons.manager	DEBUG	Registering shutdown blocker for PreviousExperimentProvider
1519798882425	addons.manager	DEBUG	Provider finished startup: PreviousExperimentProvider
1519798882428	DeferredSave.extensions.json	DEBUG	Starting write
1519798882454	DeferredSave.addons.json	DEBUG	Starting write
1519798882459	DeferredSave.extensions.json	DEBUG	Write succeeded
1519798882474	DeferredSave.addons.json	DEBUG	Write succeeded

###!!! [Parent][MessageChannel] Error: (msgtype=0x2C0001,name=PBrowser::Msg_AsyncMessage) Channel error: cannot send/recv

JavaScript error: chrome://global/content/bindings/remote-browser.xml, line 44: NS_ERROR_UNEXPECTED: Component returned failure code: 0x8000ffff (NS_ERROR_UNEXPECTED) [nsIMessageSender.sendAsyncMessage]

###!!! [Parent][MessageChannel] Error: (msgtype=0x2C0092,name=PBrowser::Msg_UpdateNativeWindowHandle) Channel error: cannot send/recv


###!!! [Parent][MessageChannel] Error: (msgtype=0x2C0085,name=PBrowser::Msg_Destroy) Channel error: cannot send/recv

JavaScript error: resource://app/modules/ContentCrashHandlers.jsm, line 137: TypeError: browser.permanentKey is not a non-null object

###!!! [Parent][MessageChannel] Error: (msgtype=0x2C0092,name=PBrowser::Msg_UpdateNativeWindowHandle) Channel error: cannot send/recv


###!!! [Parent][MessageChannel] Error: (msgtype=0x2C0085,name=PBrowser::Msg_Destroy) Channel error: cannot send/recv


Build info: version: '2.53.1', revision: 'a36b8b1cd5757287168e54b817830adce9b0158d', time: '2016-06-30 19:26:09'
System info: host: 'philipsdev', ip: '10.250.88.80', os.name: 'Windows Server 2008 R2', os.arch: 'amd64', os.version: '6.1', java.version: '1.8.0_162'
Driver info: driver.version: FirefoxDriver
	at org.openqa.selenium.firefox.internal.NewProfileExtensionConnection.start(NewProfileExtensionConnection.java:125)
	at org.openqa.selenium.firefox.FirefoxDriver.startClient(FirefoxDriver.java:271)
	at org.openqa.selenium.remote.RemoteWebDriver.<init>(RemoteWebDriver.java:119)
	at org.openqa.selenium.firefox.FirefoxDriver.<init>(FirefoxDriver.java:216)
	at org.openqa.selenium.firefox.FirefoxDriver.<init>(FirefoxDriver.java:211)
	at org.openqa.selenium.firefox.FirefoxDriver.<init>(FirefoxDriver.java:207)
	at org.openqa.selenium.firefox.FirefoxDriver.<init>(FirefoxDriver.java:120)
	at org.ravi.helloworld.HelloTest.beforeTest(HelloTest.java:23)
	at sun.reflect.NativeMethodAccessorImpl.invoke0(Native Method)
	at sun.reflect.NativeMethodAccessorImpl.invoke(NativeMethodAccessorImpl.java:62)
	at sun.reflect.DelegatingMethodAccessorImpl.invoke(DelegatingMethodAccessorImpl.java:43)
	at java.lang.reflect.Method.invoke(Method.java:498)
	at org.testng.internal.MethodInvocationHelper.invokeMethod(MethodInvocationHelper.java:86)
	at org.testng.internal.Invoker.invokeConfigurationMethod(Invoker.java:514)
	at org.testng.internal.Invoker.invokeConfigurations(Invoker.java:215)
	at org.testng.internal.Invoker.invokeConfigurations(Invoker.java:142)
	at org.testng.TestRunner.beforeRun(TestRunner.java:656)
	at org.testng.TestRunner.run(TestRunner.java:624)
	at org.testng.SuiteRunner.runTest(SuiteRunner.java:366)
	at org.testng.SuiteRunner.runSequentially(SuiteRunner.java:361)
	at org.testng.SuiteRunner.privateRun(SuiteRunner.java:319)
	at org.testng.SuiteRunner.run(SuiteRunner.java:268)
	at org.testng.SuiteRunnerWorker.runSuite(SuiteRunnerWorker.java:52)
	at org.testng.SuiteRunnerWorker.run(SuiteRunnerWorker.java:86)
	at org.testng.TestNG.runSuitesSequentially(TestNG.java:1244)
	at org.testng.TestNG.runSuitesLocally(TestNG.java:1169)
	at org.testng.TestNG.run(TestNG.java:1064)
	at org.apache.maven.surefire.testng.TestNGExecutor.run(TestNGExecutor.java:77)
	at org.apache.maven.surefire.testng.TestNGDirectoryTestSuite.execute(TestNGDirectoryTestSuite.java:110)
	at org.apache.maven.surefire.testng.TestNGProvider.invoke(TestNGProvider.java:106)
	at sun.reflect.NativeMethodAccessorImpl.invoke0(Native Method)
	at sun.reflect.NativeMethodAccessorImpl.invoke(NativeMethodAccessorImpl.java:62)
	at sun.reflect.DelegatingMethodAccessorImpl.invoke(DelegatingMethodAccessorImpl.java:43)
	at java.lang.reflect.Method.invoke(Method.java:498)
	at org.apache.maven.surefire.util.ReflectionUtils.invokeMethodWithArray(ReflectionUtils.java:189)
	at org.apache.maven.surefire.booter.ProviderFactory$ProviderProxy.invoke(ProviderFactory.java:165)
	at org.apache.maven.surefire.booter.ProviderFactory.invokeProvider(ProviderFactory.java:85)
	at org.apache.maven.surefire.booter.ForkedBooter.runSuitesInProcess(ForkedBooter.java:115)
	at org.apache.maven.surefire.booter.ForkedBooter.main(ForkedBooter.java:75)
Caused by: org.openqa.selenium.firefox.NotConnectedException: Unable to connect to host 127.0.0.1 on port 7055 after 45000 ms. Firefox console output:
DEBUG	Writing add-ons list
1519798881829	addons.xpi	DEBUG	Registering manifest for C:\Program Files (x86)\Mozilla Firefox\browser\features\aushelper@mozilla.org.xpi
1519798881829	addons.xpi	DEBUG	Calling bootstrap method startup on aushelper@mozilla.org version 2.0
1519798881832	addons.xpi	DEBUG	Registering manifest for C:\Program Files (x86)\Mozilla Firefox\browser\features\e10srollout@mozilla.org.xpi
1519798881833	addons.xpi	DEBUG	Calling bootstrap method startup on e10srollout@mozilla.org version 1.10
1519798881835	addons.xpi	DEBUG	Registering manifest for C:\Program Files (x86)\Mozilla Firefox\browser\features\firefox@getpocket.com.xpi
1519798881836	addons.xpi	DEBUG	Calling bootstrap method startup on firefox@getpocket.com version 1.0.5
1519798881838	addons.xpi	DEBUG	Registering manifest for C:\Program Files (x86)\Mozilla Firefox\browser\features\webcompat@mozilla.org.xpi
1519798881839	addons.xpi	DEBUG	Calling bootstrap method startup on webcompat@mozilla.org version 1.0
1519798881842	addons.manager	DEBUG	Registering shutdown blocker for XPIProvider
1519798881843	addons.manager	DEBUG	Provider finished startup: XPIProvider
1519798881843	addons.manager	DEBUG	Starting provider: LightweightThemeManager
1519798881843	addons.manager	DEBUG	Registering shutdown blocker for LightweightThemeManager
1519798881843	addons.manager	DEBUG	Provider finished startup: LightweightThemeManager
1519798881844	addons.manager	DEBUG	Starting provider: GMPProvider
1519798881869	addons.manager	DEBUG	Registering shutdown blocker for GMPProvider
1519798881870	addons.manager	DEBUG	Provider finished startup: GMPProvider
1519798881870	addons.manager	DEBUG	Starting provider: PluginProvider
1519798881871	addons.manager	DEBUG	Registering shutdown blocker for PluginProvider
1519798881872	addons.manager	DEBUG	Provider finished startup: PluginProvider
1519798881872	addons.manager	DEBUG	Completed startup sequence
1519798882189	addons.manager	DEBUG	Starting provider: <unnamed-provider>
1519798882190	addons.manager	DEBUG	Registering shutdown blocker for <unnamed-provider>
1519798882190	addons.manager	DEBUG	Provider finished startup: <unnamed-provider>
1519798882372	DeferredSave.extensions.json	DEBUG	Write succeeded
1519798882372	addons.xpi-utils	DEBUG	XPI Database saved, setting schema version preference to 19
1519798882373	DeferredSave.extensions.json	DEBUG	Starting timer
1519798882389	addons.repository	DEBUG	No addons.json found.
1519798882389	DeferredSave.addons.json	DEBUG	Save changes
1519798882392	DeferredSave.addons.json	DEBUG	Starting timer
1519798882425	addons.manager	DEBUG	Starting provider: PreviousExperimentProvider
1519798882425	addons.manager	DEBUG	Registering shutdown blocker for PreviousExperimentProvider
1519798882425	addons.manager	DEBUG	Provider finished startup: PreviousExperimentProvider
1519798882428	DeferredSave.extensions.json	DEBUG	Starting write
1519798882454	DeferredSave.addons.json	DEBUG	Starting write
1519798882459	DeferredSave.extensions.json	DEBUG	Write succeeded
1519798882474	DeferredSave.addons.json	DEBUG	Write succeeded

###!!! [Parent][MessageChannel] Error: (msgtype=0x2C0001,name=PBrowser::Msg_AsyncMessage) Channel error: cannot send/recv

JavaScript error: chrome://global/content/bindings/remote-browser.xml, line 44: NS_ERROR_UNEXPECTED: Component returned failure code: 0x8000ffff (NS_ERROR_UNEXPECTED) [nsIMessageSender.sendAsyncMessage]

###!!! [Parent][MessageChannel] Error: (msgtype=0x2C0092,name=PBrowser::Msg_UpdateNativeWindowHandle) Channel error: cannot send/recv


###!!! [Parent][MessageChannel] Error: (msgtype=0x2C0085,name=PBrowser::Msg_Destroy) Channel error: cannot send/recv

JavaScript error: resource://app/modules/ContentCrashHandlers.jsm, line 137: TypeError: browser.permanentKey is not a non-null object

###!!! [Parent][MessageChannel] Error: (msgtype=0x2C0092,name=PBrowser::Msg_UpdateNativeWindowHandle) Channel error: cannot send/recv


###!!! [Parent][MessageChannel] Error: (msgtype=0x2C0085,name=PBrowser::Msg_Destroy) Channel error: cannot send/recv


	at org.openqa.selenium.firefox.internal.NewProfileExtensionConnection.start(NewProfileExtensionConnection.java:113)
	... 38 more
]]>
            </full-stacktrace>
          </exception> <!-- org.openqa.selenium.WebDriverException -->
          <reporter-output>
          </reporter-output>
        </test-method> <!-- beforeTest -->
        <test-method status="SKIP" signature="afterTest()[pri:0, instance:org.ravi.helloworld.HelloTest@617c74e5]" name="afterTest" is-config="true" duration-ms="0" started-at="2018-02-28T07:22:07Z" finished-at="2018-02-28T07:22:07Z">
          <reporter-output>
          </reporter-output>
        </test-method> <!-- afterTest -->
        <test-method status="SKIP" signature="f()[pri:0, instance:org.ravi.helloworld.HelloTest@617c74e5]" name="f" duration-ms="0" started-at="2018-02-28T07:22:07Z" finished-at="2018-02-28T07:22:07Z">
          <reporter-output>
          </reporter-output>
        </test-method> <!-- f -->
      </class> <!-- org.ravi.helloworld.HelloTest -->
    </test> <!-- Command line test -->
  </suite> <!-- org.ravi.helloworld.HelloTest -->
</testng-results>
