<?xml version="1.0" encoding="UTF-8" ?>
<testsuite tests="3" failures="1" name="org.ravi.helloworld.HelloTest" time="46.739" errors="0" skipped="2">
  <properties>
    <property name="java.vendor" value="Oracle Corporation"/>
    <property name="JOB_NAME" value="MavenBuild"/>
    <property name="sun.java.launcher" value="SUN_STANDARD"/>
    <property name="windows_tracing_logfile" value="C:\BVTBin\Tests\installpackage\csilogfile.log"/>
    <property name="NUMBER_OF_PROCESSORS" value="4"/>
    <property name="sun.management.compiler" value="HotSpot 64-Bit Tiered Compilers"/>
    <property name="JENKINS_HOME" value="C:\Program Files (x86)\Jenkins"/>
    <property name="HUDSON_SERVER_COOKIE" value="88b24e2c552f6f76"/>
    <property name="POM_ARTIFACTID" value="HelloWorld"/>
    <property name="os.name" value="Windows Server 2008 R2"/>
    <property name="sun.boot.class.path" value="C:\Program Files\Java\jdk1.8.0_162\jre\lib\resources.jar;C:\Program Files\Java\jdk1.8.0_162\jre\lib\rt.jar;C:\Program Files\Java\jdk1.8.0_162\jre\lib\sunrsasign.jar;C:\Program Files\Java\jdk1.8.0_162\jre\lib\jsse.jar;C:\Program Files\Java\jdk1.8.0_162\jre\lib\jce.jar;C:\Program Files\Java\jdk1.8.0_162\jre\lib\charsets.jar;C:\Program Files\Java\jdk1.8.0_162\jre\lib\jfr.jar;C:\Program Files\Java\jdk1.8.0_162\jre\classes"/>
    <property name="EXECUTOR_NUMBER" value="1"/>
    <property name="sun.desktop" value="windows"/>
    <property name="PATHEXT" value=".COM;.EXE;.BAT;.CMD;.VBS;.VBE;.JS;.JSE;.WSF;.WSH;.MSC"/>
    <property name="java.vm.specification.vendor" value="Oracle Corporation"/>
    <property name="POM_DISPLAYNAME" value="HelloWorld Maven Webapp"/>
    <property name="NODE_LABELS" value="master"/>
    <property name="TEMP" value="C:\Windows\TEMP"/>
    <property name="java.runtime.version" value="1.8.0_162-b12"/>
    <property name="WINSW_SERVICE_ID" value="Jenkins"/>
    <property name="user.name" value="PHILIPSDEV$"/>
    <property name="guice.disable.misplaced.annotation.check" value="true"/>
    <property name="CommonProgramW6432" value="C:\Program Files\Common Files"/>
    <property name="ProgramFiles" value="C:\Program Files (x86)"/>
    <property name="user.language" value="en"/>
    <property name="JOB_BASE_NAME" value="MavenBuild"/>
    <property name="RUN_CHANGES_DISPLAY_URL" value="http://localhost:8080/job/MavenBuild/9/display/redirect?page=changes"/>
    <property name="BUILD_DISPLAY_NAME" value="#9"/>
    <property name="sun.boot.library.path" value="C:\Program Files\Java\jdk1.8.0_162\jre\bin"/>
    <property name="GIT_PREVIOUS_SUCCESSFUL_COMMIT" value="e0968611f24bd402ef3c8b9c832ffa408d83084e"/>
    <property name="LOCALAPPDATA" value="C:\Windows\system32\config\systemprofile\AppData\Local"/>
    <property name="java.version" value="1.8.0_162"/>
    <property name="PROCESSOR_LEVEL" value="6"/>
    <property name="user.timezone" value="Europe/Berlin"/>
    <property name="USERNAME" value="PHILIPSDEV$"/>
    <property name="sun.arch.data.model" value="64"/>
    <property name="NODE_NAME" value="master"/>
    <property name="PROCESSOR_ARCHITEW6432" value="AMD64"/>
    <property name="java.endorsed.dirs" value="C:\Program Files\Java\jdk1.8.0_162\jre\lib\endorsed"/>
    <property name="BUILD_ID" value="9"/>
    <property name="sun.cpu.isalist" value="amd64"/>
    <property name="sun.jnu.encoding" value="Cp1252"/>
    <property name="file.encoding.pkg" value="sun.io"/>
    <property name="file.separator" value="\"/>
    <property name="java.specification.name" value="Java Platform API Specification"/>
    <property name="maven.conf" value="C:\mavenBuilder\conf"/>
    <property name="java.class.version" value="52.0"/>
    <property name="org.slf4j.simpleLogger.defaultLogLevel" value="info"/>
    <property name="user.country" value="US"/>
    <property name="ALLUSERSPROFILE" value="C:\ProgramData"/>
    <property name="java.home" value="C:\Program Files\Java\jdk1.8.0_162\jre"/>
    <property name="java.vm.info" value="mixed mode"/>
    <property name="os.version" value="6.1"/>
    <property name="RUN_DISPLAY_URL" value="http://localhost:8080/job/MavenBuild/9/display/redirect"/>
    <property name="POM_VERSION" value="0.0.1-SNAPSHOT"/>
    <property name="TMP" value="C:\Windows\TEMP"/>
    <property name="path.separator" value=";"/>
    <property name="java.vm.version" value="25.162-b12"/>
    <property name="user.variant" value=""/>
    <property name="GIT_PREVIOUS_COMMIT" value="e0968611f24bd402ef3c8b9c832ffa408d83084e"/>
    <property name="JOB_DISPLAY_URL" value="http://localhost:8080/job/MavenBuild/display/redirect"/>
    <property name="CommonProgramFiles(x86)" value="C:\Program Files (x86)\Common Files"/>
    <property name="java.awt.printerjob" value="sun.awt.windows.WPrinterJob"/>
    <property name="FP_NO_HOST_CHECK" value="NO"/>
    <property name="JAVA_HOME" value="C:\Program Files\Java\jdk1.8.0_162"/>
    <property name="sun.io.unicode.encoding" value="UnicodeLittle"/>
    <property name="CommonProgramFiles" value="C:\Program Files (x86)\Common Files"/>
    <property name="ComSpec" value="C:\Windows\system32\cmd.exe"/>
    <property name="awt.toolkit" value="sun.awt.windows.WToolkit"/>
    <property name="POM_PACKAGING" value="war"/>
    <property name="user.script" value=""/>
    <property name="COMPUTERNAME" value="PHILIPSDEV"/>
    <property name="SERVICE_ID" value="Jenkins"/>
    <property name="POM_GROUPID" value="org.ravi"/>
    <property name="user.home" value="C:\Windows\system32\config\systemprofile"/>
    <property name="PUBLIC" value="C:\Users\Public"/>
    <property name="BUILD_TAG" value="jenkins-MavenBuild-9"/>
    <property name="JENKINS_SERVER_COOKIE" value="88b24e2c552f6f76"/>
    <property name="HUDSON_URL" value="http://localhost:8080/"/>
    <property name="ProgramData" value="C:\ProgramData"/>
    <property name="java.specification.vendor" value="Oracle Corporation"/>
    <property name="USERPROFILE" value="C:\Windows\system32\config\systemprofile"/>
    <property name="CLASSPATH" value=""/>
    <property name="java.vendor.url" value="http://java.oracle.com/"/>
    <property name="java.library.path" value="C:\Program Files\Java\jdk1.8.0_162\bin;C:\Windows\Sun\Java\bin;C:\Windows\system32;C:\Windows;C:\mavenBuilder/bin;C:\Program Files\Java\jdk1.8.0_162/bin;C:\Program Files\Java\jdk1.8.0_162/bin;C:\ProgramData\Oracle\Java\javapath;D:\ptc\oracle\product\11.2.0\dbhome_1\bin;C:\Windows\system32;C:\Windows;C:\Windows\System32\Wbem;C:\Windows\System32\WindowsPowerShell\v1.0\;C:\Program Files\TortoiseSVN\bin;D:\ptc\Windchill_10.2\Java\bin;D:\ptc\Windchill_10.2\Windchill\bin;C:\Program Files\Git\cmd;."/>
    <property name="java.vm.vendor" value="Oracle Corporation"/>
    <property name="APPDATA" value="C:\Windows\system32\config\systemprofile\AppData\Roaming"/>
    <property name="java.runtime.name" value="Java(TM) SE Runtime Environment"/>
    <property name="maven.home" value="C:\mavenBuilder"/>
    <property name="java.class.path" value="C:\Program Files (x86)\Jenkins\plugins\maven-plugin\WEB-INF\lib\maven35-agent-1.12-alpha-1.jar;C:\mavenBuilder\boot\plexus-classworlds-2.5.2.jar;C:\mavenBuilder/conf/logging"/>
    <property name="sun.java.command" value="jenkins.maven3.agent.Maven35Main C:\mavenBuilder C:\Program Files (x86)\Jenkins\war\WEB-INF\lib\remoting-3.14.jar C:\Program Files (x86)\Jenkins\plugins\maven-plugin\WEB-INF\lib\maven35-interceptor-1.12-alpha-1.jar C:\Program Files (x86)\Jenkins\plugins\maven-plugin\WEB-INF\lib\maven3-interceptor-commons-1.12-alpha-1.jar 59665"/>
    <property name="Path" value="C:\Program Files\Java\jdk1.8.0_162/bin;C:\ProgramData\Oracle\Java\javapath;D:\ptc\oracle\product\11.2.0\dbhome_1\bin;C:\Windows\system32;C:\Windows;C:\Windows\System32\Wbem;C:\Windows\System32\WindowsPowerShell\v1.0\;C:\Program Files\TortoiseSVN\bin;D:\ptc\Windchill_10.2\Java\bin;D:\ptc\Windchill_10.2\Windchill\bin;C:\Program Files\Git\cmd"/>
    <property name="java.vm.specification.name" value="Java Virtual Machine Specification"/>
    <property name="PROCESSOR_ARCHITECTURE" value="x86"/>
    <property name="PATH+JDK" value="C:\Program Files\Java\jdk1.8.0_162/bin"/>
    <property name="PROCESSOR_IDENTIFIER" value="Intel64 Family 6 Model 78 Stepping 3, GenuineIntel"/>
    <property name="java.vm.specification.version" value="1.8"/>
    <property name="sun.os.patch.level" value="Service Pack 1"/>
    <property name="sun.cpu.endian" value="little"/>
    <property name="M2_HOME" value="C:\mavenBuilder"/>
    <property name="java.io.tmpdir" value="C:\Windows\TEMP\"/>
    <property name="OS" value="Windows_NT"/>
    <property name="HUDSON_HOME" value="C:\Program Files (x86)\Jenkins"/>
    <property name="PATH+MAVEN" value="C:\mavenBuilder/bin"/>
    <property name="ProgramFiles(x86)" value="C:\Program Files (x86)"/>
    <property name="BUILD_URL" value="http://localhost:8080/job/MavenBuild/9/"/>
    <property name="java.vendor.url.bug" value="http://bugreport.sun.com/bugreport/"/>
    <property name="java.awt.graphicsenv" value="sun.awt.Win32GraphicsEnvironment"/>
    <property name="os.arch" value="amd64"/>
    <property name="SystemRoot" value="C:\Windows"/>
    <property name="windows_tracing_flags" value="3"/>
    <property name="java.ext.dirs" value="C:\Program Files\Java\jdk1.8.0_162\jre\lib\ext;C:\Windows\Sun\Java\lib\ext"/>
    <property name="user.dir" value="C:\javaProj\SampleJavaProj"/>
    <property name="JOB_URL" value="http://localhost:8080/job/MavenBuild/"/>
    <property name="USERDOMAIN" value="WORKGROUP"/>
    <property name="line.separator" value="
"/>
    <property name="MAVEN_HOME" value="C:\mavenBuilder"/>
    <property name="java.vm.name" value="Java HotSpot(TM) 64-Bit Server VM"/>
    <property name="BUILD_NUMBER" value="9"/>
    <property name="BASE" value="C:\Program Files (x86)\Jenkins"/>
    <property name="JENKINS_URL" value="http://localhost:8080/"/>
    <property name="PROCESSOR_REVISION" value="4e03"/>
    <property name="GIT_BRANCH" value="origin/master"/>
    <property name="ProgramW6432" value="C:\Program Files"/>
    <property name="windir" value="C:\Windows"/>
    <property name="GIT_COMMIT" value="d6964f80b88e004e805c76144cf504df91ad7e5f"/>
    <property name="file.encoding" value="Cp1252"/>
    <property name="SystemDrive" value="C:"/>
    <property name="maven3.interceptor" value="C:\Program Files (x86)\Jenkins\plugins\maven-plugin\WEB-INF\lib\maven35-interceptor-1.12-alpha-1.jar"/>
    <property name="WORKSPACE" value="C:\Program Files (x86)\Jenkins\workspace\MavenBuild"/>
    <property name="maven3.interceptor.common" value="C:\Program Files (x86)\Jenkins\plugins\maven-plugin\WEB-INF\lib\maven3-interceptor-commons-1.12-alpha-1.jar"/>
    <property name="WINSW_EXECUTABLE" value="C:\Program Files (x86)\Jenkins\jenkins.exe"/>
    <property name="java.specification.version" value="1.8"/>
    <property name="PSModulePath" value="C:\Windows\system32\WindowsPowerShell\v1.0\Modules\"/>
    <property name="GIT_URL" value="https://github.com/itsujjwal/SampleJavaProj.git"/>
  </properties>
  <testcase classname="org.ravi.helloworld.HelloTest" name="beforeTest" time="46.739">
    <failure message="Failed to connect to binary FirefoxBinary(C:\Program Files (x86)\Mozilla Firefox\firefox.exe) on port 7055; process output follows: 
4295	addons.xpi	DEBUG	getModTime: Recursive scan of {972ce4c6-7e08-4474-a285-3208198ce6fd}
1519798774296	DeferredSave.extensions.json	DEBUG	Save changes
1519798774297	addons.xpi	DEBUG	Updating database with changes to installed add-ons
1519798774297	addons.xpi-utils	DEBUG	Updating add-on states
1519798774297	addons.xpi-utils	DEBUG	Writing add-ons list
1519798774299	addons.xpi	DEBUG	Registering manifest for C:\Program Files (x86)\Mozilla Firefox\browser\features\aushelper@mozilla.org.xpi
1519798774300	addons.xpi	DEBUG	Calling bootstrap method startup on aushelper@mozilla.org version 2.0
1519798774302	addons.xpi	DEBUG	Registering manifest for C:\Program Files (x86)\Mozilla Firefox\browser\features\e10srollout@mozilla.org.xpi
1519798774304	addons.xpi	DEBUG	Calling bootstrap method startup on e10srollout@mozilla.org version 1.10
1519798774304	addons.xpi	DEBUG	Registering manifest for C:\Program Files (x86)\Mozilla Firefox\browser\features\firefox@getpocket.com.xpi
1519798774305	addons.xpi	DEBUG	Calling bootstrap method startup on firefox@getpocket.com version 1.0.5
1519798774306	addons.xpi	DEBUG	Registering manifest for C:\Program Files (x86)\Mozilla Firefox\browser\features\webcompat@mozilla.org.xpi
1519798774306	addons.xpi	DEBUG	Calling bootstrap method startup on webcompat@mozilla.org version 1.0
1519798774310	addons.manager	DEBUG	Registering shutdown blocker for XPIProvider
1519798774311	addons.manager	DEBUG	Provider finished startup: XPIProvider
1519798774312	addons.manager	DEBUG	Starting provider: LightweightThemeManager
1519798774312	addons.manager	DEBUG	Registering shutdown blocker for LightweightThemeManager
1519798774312	addons.manager	DEBUG	Provider finished startup: LightweightThemeManager
1519798774313	addons.manager	DEBUG	Starting provider: GMPProvider
1519798774321	addons.manager	DEBUG	Registering shutdown blocker for GMPProvider
1519798774321	addons.manager	DEBUG	Provider finished startup: GMPProvider
1519798774321	addons.manager	DEBUG	Starting provider: PluginProvider
1519798774323	addons.manager	DEBUG	Registering shutdown blocker for PluginProvider
1519798774323	addons.manager	DEBUG	Provider finished startup: PluginProvider
1519798774324	addons.manager	DEBUG	Completed startup sequence
1519798774637	addons.manager	DEBUG	Starting provider: &lt;unnamed-provider&gt;
1519798774637	addons.manager	DEBUG	Registering shutdown blocker for &lt;unnamed-provider&gt;
1519798774638	addons.manager	DEBUG	Provider finished startup: &lt;unnamed-provider&gt;
1519798774840	DeferredSave.extensions.json	DEBUG	Write succeeded
1519798774840	addons.xpi-utils	DEBUG	XPI Database saved, setting schema version preference to 19
1519798774840	DeferredSave.extensions.json	DEBUG	Starting timer
1519798774861	addons.repository	DEBUG	No addons.json found.
1519798774861	DeferredSave.addons.json	DEBUG	Save changes
1519798774864	DeferredSave.addons.json	DEBUG	Starting timer
1519798774961	addons.manager	DEBUG	Starting provider: PreviousExperimentProvider
1519798774961	addons.manager	DEBUG	Registering shutdown blocker for PreviousExperimentProvider
1519798774961	addons.manager	DEBUG	Provider finished startup: PreviousExperimentProvider
1519798774967	DeferredSave.extensions.json	DEBUG	Starting write
1519798774969	DeferredSave.addons.json	DEBUG	Starting write
1519798775020	DeferredSave.extensions.json	DEBUG	Write succeeded
1519798775031	DeferredSave.addons.json	DEBUG	Write succeeded

###!!! [Parent][MessageChannel] Error: (msgtype=0x2C0092,name=PBrowser::Msg_UpdateNativeWindowHandle) Channel error: cannot send/recv


###!!! [Parent][MessageChannel] Error: (msgtype=0x2C0085,name=PBrowser::Msg_Destroy) Channel error: cannot send/recv


###!!! [Parent][MessageChannel] Error: (msgtype=0x2C0092,name=PBrowser::Msg_UpdateNativeWindowHandle) Channel error: cannot send/recv


###!!! [Parent][MessageChannel] Error: (msgtype=0x2C0085,name=PBrowser::Msg_Destroy) Channel error: cannot send/recv

JavaScript error: resource://app/modules/ContentCrashHandlers.jsm, line 137: TypeError: browser.permanentKey is not a non-null object

Build info: version: &apos;2.53.1&apos;, revision: &apos;a36b8b1cd5757287168e54b817830adce9b0158d&apos;, time: &apos;2016-06-30 19:26:09&apos;
System info: host: &apos;philipsdev&apos;, ip: &apos;10.250.88.80&apos;, os.name: &apos;Windows Server 2008 R2&apos;, os.arch: &apos;amd64&apos;, os.version: &apos;6.1&apos;, java.version: &apos;1.8.0_162&apos;
Driver info: driver.version: FirefoxDriver" type="org.openqa.selenium.WebDriverException">org.openqa.selenium.WebDriverException: Failed to connect to binary FirefoxBinary(C:\Program Files (x86)\Mozilla Firefox\firefox.exe) on port 7055; process output follows: 
4295	addons.xpi	DEBUG	getModTime: Recursive scan of {972ce4c6-7e08-4474-a285-3208198ce6fd}
1519798774296	DeferredSave.extensions.json	DEBUG	Save changes
1519798774297	addons.xpi	DEBUG	Updating database with changes to installed add-ons
1519798774297	addons.xpi-utils	DEBUG	Updating add-on states
1519798774297	addons.xpi-utils	DEBUG	Writing add-ons list
1519798774299	addons.xpi	DEBUG	Registering manifest for C:\Program Files (x86)\Mozilla Firefox\browser\features\aushelper@mozilla.org.xpi
1519798774300	addons.xpi	DEBUG	Calling bootstrap method startup on aushelper@mozilla.org version 2.0
1519798774302	addons.xpi	DEBUG	Registering manifest for C:\Program Files (x86)\Mozilla Firefox\browser\features\e10srollout@mozilla.org.xpi
1519798774304	addons.xpi	DEBUG	Calling bootstrap method startup on e10srollout@mozilla.org version 1.10
1519798774304	addons.xpi	DEBUG	Registering manifest for C:\Program Files (x86)\Mozilla Firefox\browser\features\firefox@getpocket.com.xpi
1519798774305	addons.xpi	DEBUG	Calling bootstrap method startup on firefox@getpocket.com version 1.0.5
1519798774306	addons.xpi	DEBUG	Registering manifest for C:\Program Files (x86)\Mozilla Firefox\browser\features\webcompat@mozilla.org.xpi
1519798774306	addons.xpi	DEBUG	Calling bootstrap method startup on webcompat@mozilla.org version 1.0
1519798774310	addons.manager	DEBUG	Registering shutdown blocker for XPIProvider
1519798774311	addons.manager	DEBUG	Provider finished startup: XPIProvider
1519798774312	addons.manager	DEBUG	Starting provider: LightweightThemeManager
1519798774312	addons.manager	DEBUG	Registering shutdown blocker for LightweightThemeManager
1519798774312	addons.manager	DEBUG	Provider finished startup: LightweightThemeManager
1519798774313	addons.manager	DEBUG	Starting provider: GMPProvider
1519798774321	addons.manager	DEBUG	Registering shutdown blocker for GMPProvider
1519798774321	addons.manager	DEBUG	Provider finished startup: GMPProvider
1519798774321	addons.manager	DEBUG	Starting provider: PluginProvider
1519798774323	addons.manager	DEBUG	Registering shutdown blocker for PluginProvider
1519798774323	addons.manager	DEBUG	Provider finished startup: PluginProvider
1519798774324	addons.manager	DEBUG	Completed startup sequence
1519798774637	addons.manager	DEBUG	Starting provider: &lt;unnamed-provider&gt;
1519798774637	addons.manager	DEBUG	Registering shutdown blocker for &lt;unnamed-provider&gt;
1519798774638	addons.manager	DEBUG	Provider finished startup: &lt;unnamed-provider&gt;
1519798774840	DeferredSave.extensions.json	DEBUG	Write succeeded
1519798774840	addons.xpi-utils	DEBUG	XPI Database saved, setting schema version preference to 19
1519798774840	DeferredSave.extensions.json	DEBUG	Starting timer
1519798774861	addons.repository	DEBUG	No addons.json found.
1519798774861	DeferredSave.addons.json	DEBUG	Save changes
1519798774864	DeferredSave.addons.json	DEBUG	Starting timer
1519798774961	addons.manager	DEBUG	Starting provider: PreviousExperimentProvider
1519798774961	addons.manager	DEBUG	Registering shutdown blocker for PreviousExperimentProvider
1519798774961	addons.manager	DEBUG	Provider finished startup: PreviousExperimentProvider
1519798774967	DeferredSave.extensions.json	DEBUG	Starting write
1519798774969	DeferredSave.addons.json	DEBUG	Starting write
1519798775020	DeferredSave.extensions.json	DEBUG	Write succeeded
1519798775031	DeferredSave.addons.json	DEBUG	Write succeeded

###!!! [Parent][MessageChannel] Error: (msgtype=0x2C0092,name=PBrowser::Msg_UpdateNativeWindowHandle) Channel error: cannot send/recv


###!!! [Parent][MessageChannel] Error: (msgtype=0x2C0085,name=PBrowser::Msg_Destroy) Channel error: cannot send/recv


###!!! [Parent][MessageChannel] Error: (msgtype=0x2C0092,name=PBrowser::Msg_UpdateNativeWindowHandle) Channel error: cannot send/recv


###!!! [Parent][MessageChannel] Error: (msgtype=0x2C0085,name=PBrowser::Msg_Destroy) Channel error: cannot send/recv

JavaScript error: resource://app/modules/ContentCrashHandlers.jsm, line 137: TypeError: browser.permanentKey is not a non-null object
Build info: version: &apos;2.53.1&apos;, revision: &apos;a36b8b1cd5757287168e54b817830adce9b0158d&apos;, time: &apos;2016-06-30 19:26:09&apos;
System info: host: &apos;philipsdev&apos;, ip: &apos;10.250.88.80&apos;, os.name: &apos;Windows Server 2008 R2&apos;, os.arch: &apos;amd64&apos;, os.version: &apos;6.1&apos;, java.version: &apos;1.8.0_162&apos;
Driver info: driver.version: FirefoxDriver
	at org.openqa.selenium.firefox.internal.NewProfileExtensionConnection.start(NewProfileExtensionConnection.java:125)
	at org.openqa.selenium.firefox.FirefoxDriver.startClient(FirefoxDriver.java:271)
	at org.openqa.selenium.remote.RemoteWebDriver.&lt;init&gt;(RemoteWebDriver.java:119)
	at org.openqa.selenium.firefox.FirefoxDriver.&lt;init&gt;(FirefoxDriver.java:216)
	at org.openqa.selenium.firefox.FirefoxDriver.&lt;init&gt;(FirefoxDriver.java:211)
	at org.openqa.selenium.firefox.FirefoxDriver.&lt;init&gt;(FirefoxDriver.java:207)
	at org.openqa.selenium.firefox.FirefoxDriver.&lt;init&gt;(FirefoxDriver.java:120)
	at org.ravi.helloworld.HelloTest.beforeTest(HelloTest.java:23)
Caused by: org.openqa.selenium.firefox.NotConnectedException: Unable to connect to host 127.0.0.1 on port 7055 after 45000 ms. Firefox console output:
4295	addons.xpi	DEBUG	getModTime: Recursive scan of {972ce4c6-7e08-4474-a285-3208198ce6fd}
1519798774296	DeferredSave.extensions.json	DEBUG	Save changes
1519798774297	addons.xpi	DEBUG	Updating database with changes to installed add-ons
1519798774297	addons.xpi-utils	DEBUG	Updating add-on states
1519798774297	addons.xpi-utils	DEBUG	Writing add-ons list
1519798774299	addons.xpi	DEBUG	Registering manifest for C:\Program Files (x86)\Mozilla Firefox\browser\features\aushelper@mozilla.org.xpi
1519798774300	addons.xpi	DEBUG	Calling bootstrap method startup on aushelper@mozilla.org version 2.0
1519798774302	addons.xpi	DEBUG	Registering manifest for C:\Program Files (x86)\Mozilla Firefox\browser\features\e10srollout@mozilla.org.xpi
1519798774304	addons.xpi	DEBUG	Calling bootstrap method startup on e10srollout@mozilla.org version 1.10
1519798774304	addons.xpi	DEBUG	Registering manifest for C:\Program Files (x86)\Mozilla Firefox\browser\features\firefox@getpocket.com.xpi
1519798774305	addons.xpi	DEBUG	Calling bootstrap method startup on firefox@getpocket.com version 1.0.5
1519798774306	addons.xpi	DEBUG	Registering manifest for C:\Program Files (x86)\Mozilla Firefox\browser\features\webcompat@mozilla.org.xpi
1519798774306	addons.xpi	DEBUG	Calling bootstrap method startup on webcompat@mozilla.org version 1.0
1519798774310	addons.manager	DEBUG	Registering shutdown blocker for XPIProvider
1519798774311	addons.manager	DEBUG	Provider finished startup: XPIProvider
1519798774312	addons.manager	DEBUG	Starting provider: LightweightThemeManager
1519798774312	addons.manager	DEBUG	Registering shutdown blocker for LightweightThemeManager
1519798774312	addons.manager	DEBUG	Provider finished startup: LightweightThemeManager
1519798774313	addons.manager	DEBUG	Starting provider: GMPProvider
1519798774321	addons.manager	DEBUG	Registering shutdown blocker for GMPProvider
1519798774321	addons.manager	DEBUG	Provider finished startup: GMPProvider
1519798774321	addons.manager	DEBUG	Starting provider: PluginProvider
1519798774323	addons.manager	DEBUG	Registering shutdown blocker for PluginProvider
1519798774323	addons.manager	DEBUG	Provider finished startup: PluginProvider
1519798774324	addons.manager	DEBUG	Completed startup sequence
1519798774637	addons.manager	DEBUG	Starting provider: &lt;unnamed-provider&gt;
1519798774637	addons.manager	DEBUG	Registering shutdown blocker for &lt;unnamed-provider&gt;
1519798774638	addons.manager	DEBUG	Provider finished startup: &lt;unnamed-provider&gt;
1519798774840	DeferredSave.extensions.json	DEBUG	Write succeeded
1519798774840	addons.xpi-utils	DEBUG	XPI Database saved, setting schema version preference to 19
1519798774840	DeferredSave.extensions.json	DEBUG	Starting timer
1519798774861	addons.repository	DEBUG	No addons.json found.
1519798774861	DeferredSave.addons.json	DEBUG	Save changes
1519798774864	DeferredSave.addons.json	DEBUG	Starting timer
1519798774961	addons.manager	DEBUG	Starting provider: PreviousExperimentProvider
1519798774961	addons.manager	DEBUG	Registering shutdown blocker for PreviousExperimentProvider
1519798774961	addons.manager	DEBUG	Provider finished startup: PreviousExperimentProvider
1519798774967	DeferredSave.extensions.json	DEBUG	Starting write
1519798774969	DeferredSave.addons.json	DEBUG	Starting write
1519798775020	DeferredSave.extensions.json	DEBUG	Write succeeded
1519798775031	DeferredSave.addons.json	DEBUG	Write succeeded

###!!! [Parent][MessageChannel] Error: (msgtype=0x2C0092,name=PBrowser::Msg_UpdateNativeWindowHandle) Channel error: cannot send/recv


###!!! [Parent][MessageChannel] Error: (msgtype=0x2C0085,name=PBrowser::Msg_Destroy) Channel error: cannot send/recv


###!!! [Parent][MessageChannel] Error: (msgtype=0x2C0092,name=PBrowser::Msg_UpdateNativeWindowHandle) Channel error: cannot send/recv


###!!! [Parent][MessageChannel] Error: (msgtype=0x2C0085,name=PBrowser::Msg_Destroy) Channel error: cannot send/recv

JavaScript error: resource://app/modules/ContentCrashHandlers.jsm, line 137: TypeError: browser.permanentKey is not a non-null object

	at org.openqa.selenium.firefox.internal.NewProfileExtensionConnection.start(NewProfileExtensionConnection.java:113)
	... 38 more
</failure>
    <system-out>Configuring TestNG with: org.apache.maven.surefire.testng.conf.TestNG652Configurator@7c53a9eb
</system-out>
    <system-err>org.openqa.selenium.firefox.NotConnectedException: Unable to connect to host 127.0.0.1 on port 7055 after 45000 ms. Firefox console output:
4295	addons.xpi	DEBUG	getModTime: Recursive scan of {972ce4c6-7e08-4474-a285-3208198ce6fd}
1519798774296	DeferredSave.extensions.json	DEBUG	Save changes
1519798774297	addons.xpi	DEBUG	Updating database with changes to installed add-ons
1519798774297	addons.xpi-utils	DEBUG	Updating add-on states
1519798774297	addons.xpi-utils	DEBUG	Writing add-ons list
1519798774299	addons.xpi	DEBUG	Registering manifest for C:\Program Files (x86)\Mozilla Firefox\browser\features\aushelper@mozilla.org.xpi
1519798774300	addons.xpi	DEBUG	Calling bootstrap method startup on aushelper@mozilla.org version 2.0
1519798774302	addons.xpi	DEBUG	Registering manifest for C:\Program Files (x86)\Mozilla Firefox\browser\features\e10srollout@mozilla.org.xpi
1519798774304	addons.xpi	DEBUG	Calling bootstrap method startup on e10srollout@mozilla.org version 1.10
1519798774304	addons.xpi	DEBUG	Registering manifest for C:\Program Files (x86)\Mozilla Firefox\browser\features\firefox@getpocket.com.xpi
1519798774305	addons.xpi	DEBUG	Calling bootstrap method startup on firefox@getpocket.com version 1.0.5
1519798774306	addons.xpi	DEBUG	Registering manifest for C:\Program Files (x86)\Mozilla Firefox\browser\features\webcompat@mozilla.org.xpi
1519798774306	addons.xpi	DEBUG	Calling bootstrap method startup on webcompat@mozilla.org version 1.0
1519798774310	addons.manager	DEBUG	Registering shutdown blocker for XPIProvider
1519798774311	addons.manager	DEBUG	Provider finished startup: XPIProvider
1519798774312	addons.manager	DEBUG	Starting provider: LightweightThemeManager
1519798774312	addons.manager	DEBUG	Registering shutdown blocker for LightweightThemeManager
1519798774312	addons.manager	DEBUG	Provider finished startup: LightweightThemeManager
1519798774313	addons.manager	DEBUG	Starting provider: GMPProvider
1519798774321	addons.manager	DEBUG	Registering shutdown blocker for GMPProvider
1519798774321	addons.manager	DEBUG	Provider finished startup: GMPProvider
1519798774321	addons.manager	DEBUG	Starting provider: PluginProvider
1519798774323	addons.manager	DEBUG	Registering shutdown blocker for PluginProvider
1519798774323	addons.manager	DEBUG	Provider finished startup: PluginProvider
1519798774324	addons.manager	DEBUG	Completed startup sequence
1519798774637	addons.manager	DEBUG	Starting provider: &lt;unnamed-provider&gt;
1519798774637	addons.manager	DEBUG	Registering shutdown blocker for &lt;unnamed-provider&gt;
1519798774638	addons.manager	DEBUG	Provider finished startup: &lt;unnamed-provider&gt;
1519798774840	DeferredSave.extensions.json	DEBUG	Write succeeded
1519798774840	addons.xpi-utils	DEBUG	XPI Database saved, setting schema version preference to 19
1519798774840	DeferredSave.extensions.json	DEBUG	Starting timer
1519798774861	addons.repository	DEBUG	No addons.json found.
1519798774861	DeferredSave.addons.json	DEBUG	Save changes
1519798774864	DeferredSave.addons.json	DEBUG	Starting timer
1519798774961	addons.manager	DEBUG	Starting provider: PreviousExperimentProvider
1519798774961	addons.manager	DEBUG	Registering shutdown blocker for PreviousExperimentProvider
1519798774961	addons.manager	DEBUG	Provider finished startup: PreviousExperimentProvider
1519798774967	DeferredSave.extensions.json	DEBUG	Starting write
1519798774969	DeferredSave.addons.json	DEBUG	Starting write
1519798775020	DeferredSave.extensions.json	DEBUG	Write succeeded
1519798775031	DeferredSave.addons.json	DEBUG	Write succeeded

###!!! [Parent][MessageChannel] Error: (msgtype=0x2C0092,name=PBrowser::Msg_UpdateNativeWindowHandle) Channel error: cannot send/recv


###!!! [Parent][MessageChannel] Error: (msgtype=0x2C0085,name=PBrowser::Msg_Destroy) Channel error: cannot send/recv


###!!! [Parent][MessageChannel] Error: (msgtype=0x2C0092,name=PBrowser::Msg_UpdateNativeWindowHandle) Channel error: cannot send/recv


###!!! [Parent][MessageChannel] Error: (msgtype=0x2C0085,name=PBrowser::Msg_Destroy) Channel error: cannot send/recv

JavaScript error: resource://app/modules/ContentCrashHandlers.jsm, line 137: TypeError: browser.permanentKey is not a non-null object

	at org.openqa.selenium.firefox.internal.NewProfileExtensionConnection.start(NewProfileExtensionConnection.java:113)
	at org.openqa.selenium.firefox.FirefoxDriver.startClient(FirefoxDriver.java:271)
	at org.openqa.selenium.remote.RemoteWebDriver.&lt;init&gt;(RemoteWebDriver.java:119)
	at org.openqa.selenium.firefox.FirefoxDriver.&lt;init&gt;(FirefoxDriver.java:216)
	at org.openqa.selenium.firefox.FirefoxDriver.&lt;init&gt;(FirefoxDriver.java:211)
	at org.openqa.selenium.firefox.FirefoxDriver.&lt;init&gt;(FirefoxDriver.java:207)
	at org.openqa.selenium.firefox.FirefoxDriver.&lt;init&gt;(FirefoxDriver.java:120)
	at org.ravi.helloworld.HelloTest.beforeTest(HelloTest.java:23)
	at sun.reflect.NativeMethodAccessorImpl.invoke0(Native Method)
	at sun.reflect.NativeMethodAccessorImpl.invoke(NativeMethodAccessorImpl.java:62)
	at sun.reflect.DelegatingMethodAccessorImpl.invoke(DelegatingMethodAccessorImpl.java:43)
	at java.lang.reflect.Method.invoke(Method.java:498)
	at org.testng.internal.MethodInvocationHelper.invokeMethod(MethodInvocationHelper.java:86)
	at org.testng.internal.Invoker.invokeConfigurationMethod(Invoker.java:514)
	at org.testng.internal.Invoker.invokeConfigurations(Invoker.java:215)
	at org.testng.internal.Invoker.invokeConfigurations(Invoker.java:142)
	at org.testng.TestRunner.beforeRun(TestRunner.java:656)
	at org.testng.TestRunner.run(TestRunner.java:624)
	at org.testng.SuiteRunner.runTest(SuiteRunner.java:366)
	at org.testng.SuiteRunner.runSequentially(SuiteRunner.java:361)
	at org.testng.SuiteRunner.privateRun(SuiteRunner.java:319)
	at org.testng.SuiteRunner.run(SuiteRunner.java:268)
	at org.testng.SuiteRunnerWorker.runSuite(SuiteRunnerWorker.java:52)
	at org.testng.SuiteRunnerWorker.run(SuiteRunnerWorker.java:86)
	at org.testng.TestNG.runSuitesSequentially(TestNG.java:1244)
	at org.testng.TestNG.runSuitesLocally(TestNG.java:1169)
	at org.testng.TestNG.run(TestNG.java:1064)
	at org.apache.maven.surefire.testng.TestNGExecutor.run(TestNGExecutor.java:77)
	at org.apache.maven.surefire.testng.TestNGDirectoryTestSuite.execute(TestNGDirectoryTestSuite.java:110)
	at org.apache.maven.surefire.testng.TestNGProvider.invoke(TestNGProvider.java:106)
	at sun.reflect.NativeMethodAccessorImpl.invoke0(Native Method)
	at sun.reflect.NativeMethodAccessorImpl.invoke(NativeMethodAccessorImpl.java:62)
	at sun.reflect.DelegatingMethodAccessorImpl.invoke(DelegatingMethodAccessorImpl.java:43)
	at java.lang.reflect.Method.invoke(Method.java:498)
	at org.apache.maven.surefire.util.ReflectionUtils.invokeMethodWithArray(ReflectionUtils.java:189)
	at org.apache.maven.surefire.booter.ProviderFactory$ProviderProxy.invoke(ProviderFactory.java:165)
	at org.apache.maven.surefire.booter.ProviderFactory.invokeProvider(ProviderFactory.java:85)
	at org.apache.maven.surefire.booter.ForkedBooter.runSuitesInProcess(ForkedBooter.java:115)
	at org.apache.maven.surefire.booter.ForkedBooter.main(ForkedBooter.java:75)
</system-err>
  </testcase>
  <testcase classname="org.ravi.helloworld.HelloTest" name="f" time="0">
    <skipped/>
  </testcase>
  <testcase classname="org.ravi.helloworld.HelloTest" name="afterTest" time="0">
    <skipped/>
  </testcase>
</testsuite>